<?xml version="1.0" encoding="UTF-8"?>
<!-- Generated by org.testng.reporters.JUnitReportReporter -->
<testsuite skipped="0" hostname="DESKTOP-VAO15PV" name="test.PreciselyTest" tests="2" failures="0" timestamp="14 Nov 2021 03:08:22 GMT" time="40.891" errors="0">
  <testcase name="verifyEnterCorrectDetailsInGetInTouchPage_successfullyMessageIsShown" time="22.139" classname="test.PreciselyTest"/>
  <testcase name="verifyRegulatoryComplianceWebLinkisPresentedInFourStepsToBuildingGovernanceTeamPage_successfulLinkIsShown" time="18.752" classname="test.PreciselyTest"/>
</testsuite> <!-- test.PreciselyTest -->
